This is derived from TeX, Version 3.14159 (Web2c 7.3.7x) (format=latex 2006.6.17)  19 AUG 2006 12:37
Source specials enabled.
**\nonstopmode\input{chlewdoc.tex}
(./chlewdoc.tex (c:/Program Files/TeXLive/texmf/tex/latex/base/article.cls
Document Class: article 2001/04/21 v1.4e Standard LaTeX document class
(c:/Program Files/TeXLive/texmf/tex/latex/base/size11.clo
File: size11.clo 2001/04/21 v1.4e Standard LaTeX file (size option)
)
\c@part=\count79
\c@section=\count80
\c@subsection=\count81
\c@subsubsection=\count82
\c@paragraph=\count83
\c@subparagraph=\count84
\c@figure=\count85
\c@table=\count86
\abovecaptionskip=\skip41
\belowcaptionskip=\skip42
\bibindent=\dimen102
)
(c:/Program Files/TeXLive/texmf-local/tex/latex/chlewtex/chlewey.sty
Package: chlewey 

Language selected: loading babel and fontenc with tokcir
(c:/Program Files/TeXLive/texmf/tex/generic/babel/babel.sty
Package: babel 2001/03/01 v3.7h The Babel package

(c:/Program Files/TeXLive/texmf-local/tex/generic/babel/tokcir.ldf
Language: tokcir 2004/06/10 v0.0l Tokcir support from the babel system

(c:/Program Files/TeXLive/texmf/tex/generic/babel/babel.def
File: babel.def 2001/03/01 v3.7h Babel common definitions
\babel@savecnt=\count87
\U@D=\dimen103
)

Package babel Warning: No hyphenation patterns were loaded for
(babel)                the language `Tokcir'
(babel)                I will use the patterns loaded for \language=0 instead.

\l@tokcir = a dialect from \language0
)) (c:/Program Files/TeXLive/texmf/tex/latex/base/fontenc.sty
Package: fontenc 2001/06/05 v1.94 Standard LaTeX package

(c:/Program Files/TeXLive/texmf/tex/latex/base/t1enc.def
File: t1enc.def 2001/06/05 v1.94 Standard LaTeX file
LaTeX Font Info:    Redeclaring font encoding T1 on input line 38.
))
(c:/Program Files/TeXLive/texmf-local/tex/latex/chlewtex/chlew_xt.def
File: chlew_xt.def 2003/10/16 Chlewey definitions for Tokcir
)
Input encoding selected: loading inputenc
(c:/Program Files/TeXLive/texmf/tex/latex/base/inputenc.sty
Package: inputenc 2001/07/10 v0.99a Input encoding file 

(c:/Program Files/TeXLive/texmf/tex/latex/base/latin1.def
File: latin1.def 2001/07/10 v0.99a Input encoding file 
))
Math selected: loading chlewmat
(c:/Program Files/TeXLive/texmf-local/tex/latex/chlewtex/chlewmat.sty
Package: chlewmat 

(c:/Program Files/TeXLive/texmf/tex/latex/amslatex/amsmath.sty
Package: amsmath 2000/07/18 v2.13 AMS math features
\@mathmargin=\skip43

For additional information on amsmath, use the `?' option.
(c:/Program Files/TeXLive/texmf/tex/latex/amslatex/amstext.sty
Package: amstext 2000/06/29 v2.01

(c:/Program Files/TeXLive/texmf/tex/latex/amslatex/amsgen.sty
File: amsgen.sty 1999/11/30 v2.0
\@emptytoks=\toks14
\ex@=\dimen104
))
(c:/Program Files/TeXLive/texmf/tex/latex/amslatex/amsbsy.sty
Package: amsbsy 1999/11/29 v1.2d
\pmbraise@=\dimen105
)
(c:/Program Files/TeXLive/texmf/tex/latex/amslatex/amsopn.sty
Package: amsopn 1999/12/14 v2.01 operator names
)
\inf@bad=\count88
LaTeX Info: Redefining \frac on input line 211.
\uproot@=\count89
\leftroot@=\count90
LaTeX Info: Redefining \overline on input line 307.
\classnum@=\count91
\DOTSCASE@=\count92
LaTeX Info: Redefining \ldots on input line 379.
LaTeX Info: Redefining \dots on input line 382.
LaTeX Info: Redefining \cdots on input line 467.
\Mathstrutbox@=\box26
\strutbox@=\box27
\big@size=\dimen106
LaTeX Font Info:    Redeclaring font encoding OML on input line 567.
LaTeX Font Info:    Redeclaring font encoding OMS on input line 568.
\macc@depth=\count93
\c@MaxMatrixCols=\count94
\dotsspace@=\muskip10
\c@parentequation=\count95
\dspbrk@lvl=\count96
\tag@help=\toks15
\row@=\count97
\column@=\count98
\maxfields@=\count99
\andhelp@=\toks16
\eqnshift@=\dimen107
\alignsep@=\dimen108
\tagshift@=\dimen109
\tagwidth@=\dimen110
\totwidth@=\dimen111
\lineht@=\dimen112
\@envbody=\toks17
\multlinegap=\skip44
\multlinetaggap=\skip45
\mathdisplay@stack=\toks18
LaTeX Info: Redefining \[ on input line 2666.
LaTeX Info: Redefining \] on input line 2667.
)
(c:/Program Files/TeXLive/texmf/tex/latex/amslatex/amsthm.sty
Package: amsthm 2000/10/26 v2.08
\thm@style=\toks19
\thm@bodyfont=\toks20
\thm@headfont=\toks21
\thm@notefont=\toks22
\thm@headpunct=\toks23
\thm@preskip=\skip46
\thm@postskip=\skip47
\thm@headsep=\skip48
\dth@everypar=\toks24
)
(c:/Program Files/TeXLive/texmf/tex/latex/amsfonts/amssymb.sty
Package: amssymb 2002/01/22 v2.2d

(c:/Program Files/TeXLive/texmf/tex/latex/amsfonts/amsfonts.sty
Package: amsfonts 2001/10/25 v2.2f
\symAMSa=\mathgroup4
\symAMSb=\mathgroup5
LaTeX Font Info:    Overwriting math alphabet `\mathfrak' in version `bold'
(Font)                  U/euf/m/n --> U/euf/b/n on input line 132.
))
(c:/Program Files/TeXLive/texmf/tex/latex/amsfonts/euscript.sty
Package: euscript 2001/10/01 v2.2d Euler Script fonts
LaTeX Font Info:    Overwriting math alphabet `\EuScript' in version `bold'
(Font)                  U/eus/m/n --> U/eus/b/n on input line 55.
)
\c@Bigthm=\count100
\c@bigthm=\count101
\c@thm=\count102
\c@notation=\count103
\c@terminology=\count104
\c@problem=\count105
)
Indexing selected: loading chlewidx
(c:/Program Files/TeXLive/texmf-local/tex/latex/chlewtex/chlewidx.sty
Package: chlewidx 

(c:/Program Files/TeXLive/texmf-local/tex/latex/chlewtex/chlewesp.sty
Package: chlewesp 

(c:/Program Files/TeXLive/texmf/tex/latex/tools/xspace.sty
Package: xspace 1997/10/13 v1.06 Space after command names (DPC)
))
(c:/Program Files/TeXLive/texmf/tex/latex/base/makeidx.sty
Package: makeidx 2000/03/29 v1.0m Standard LaTeX package
)
\@indexfile=\write3
\openout3 = `chlewdoc.idx'.


Writing index file chlewdoc.idx
)) (c:/Program Files/TeXLive/texmf-local/tex/latex/chlewtex/chlewid.sty
Package: chlewid 

(c:/Program Files/TeXLive/texmf-local/tex/latex/chlewtex/chlewey.id
File: chlewey.id 
))
(./chlewdoc.sty
Package: chlewdoc 
)
(c:/Program Files/TeXLive/texmf-local/tex/latex/chlewtex/chlewex.sty
Package: chlewex 

(c:/Program Files/TeXLive/texmf/tex/latex/tools/verbatim.sty
Package: verbatim 2001/03/12 v1.5p LaTeX2e package for verbatim enhancements
\every@verbatim=\toks25
\verbatim@line=\toks26
\verbatim@in@stream=\read1
)
\example@out=\write4
)
(c:/Program Files/TeXLive/texmf-local/tex/latex/chlewtex/chlewnit.sty
Package: chlewnit 
)
(./chlewdoc.aux)
\openout1 = `chlewdoc.aux'.

LaTeX Font Info:    Checking defaults for OML/cmm/m/it on input line 21.
LaTeX Font Info:    ... okay on input line 21.
LaTeX Font Info:    Checking defaults for T1/cmr/m/n on input line 21.
LaTeX Font Info:    ... okay on input line 21.
LaTeX Font Info:    Checking defaults for OT1/cmr/m/n on input line 21.
LaTeX Font Info:    ... okay on input line 21.
LaTeX Font Info:    Checking defaults for OMS/cmsy/m/n on input line 21.
LaTeX Font Info:    ... okay on input line 21.
LaTeX Font Info:    Checking defaults for OMX/cmex/m/n on input line 21.
LaTeX Font Info:    ... okay on input line 21.
LaTeX Font Info:    Checking defaults for U/cmr/m/n on input line 21.
LaTeX Font Info:    ... okay on input line 21.
LaTeX Font Info:    Try loading font information for U+msa on input line 22.
 (c:/Program Files/TeXLive/texmf/tex/latex/amsfonts/umsa.fd
File: umsa.fd 2002/01/19 v2.2g AMS font definitions
)
LaTeX Font Info:    Try loading font information for U+msb on input line 22.

(c:/Program Files/TeXLive/texmf/tex/latex/amsfonts/umsb.fd
File: umsb.fd 2002/01/19 v2.2g AMS font definitions
) (./chlewdoc.toc
LaTeX Font Info:    Try loading font information for T1+cmtt on input line 3.

(c:/Program Files/TeXLive/texmf/tex/latex/base/t1cmtt.fd
File: t1cmtt.fd 1999/05/25 v2.5h Standard LaTeX font definitions
) [1

])
\tf@toc=\write5
\openout5 = `chlewdoc.toc'.

LaTeX Font Info:    Font shape `T1/cmtt/bx/n' in size <10.95> not available
(Font)              Font shape `T1/cmtt/m/n' tried instead on input line 40.
LaTeX Font Info:    Font shape `T1/cmtt/bx/n' in size <12> not available
(Font)              Font shape `T1/cmtt/m/n' tried instead on input line 69.
 [2]
Overfull \hbox (34.23352pt too wide) in paragraph at lines 96--99
\T1/cmr/m/n/10.95 can-didato o re-mi-tente. Es ivo-cada por el pa-quete con el 
valor ``chlewey@chlewey.org''. 
 []


Overfull \hbox (10.28906pt too wide) in paragraph at lines 112--115
[][]\T1/cmtt/m/n/10.95 \organization[][]{\T1/cmr/m/it/10.95 la or-ga-ni-zación\
T1/cmtt/m/n/10.95 } \T1/cmr/m/n/10.95 declara la or-ga-ni-zación a la cual pert
enece
 []

[3]

LaTeX Warning: Marginpar on page 4 moved.


LaTeX Warning: Marginpar on page 4 moved.


Overfull \hbox (7.53394pt too wide) in paragraph at lines 150--150
[]\T1/cmtt/m/n/10.95 \theorganization 
 []


LaTeX Warning: Marginpar on page 4 moved.


LaTeX Warning: Marginpar on page 4 moved.


Overfull \hbox (6.22229pt too wide) in paragraph at lines 178--180
[][]\T1/cmr/m/n/10.95 El archivo \T1/cmtt/m/n/10.95 chlewey.id[][]\T1/cmr/m/n/1
0.95 , con-tiene la per-son-al-ización por de-fecto de \T1/cmtt/m/n/10.95 chlew
id[][]\T1/cmr/m/n/10.95 . 
 []


LaTeX Warning: Marginpar on page 4 moved.


LaTeX Warning: Marginpar on page 4 moved.


LaTeX Warning: Marginpar on page 4 moved.

[4]
Overfull \hbox (2.42027pt too wide) in paragraph at lines 252--255
[][]\T1/cmr/m/n/10.95 El archivo \T1/cmtt/m/n/10.95 chlew_xc.def[][]\T1/cmr/m/n
/10.95 , para las ex-ten-siones de \T1/cmr/m/it/10.95 ChlewT[]X[] \T1/cmr/m/n/1
0.95 en chleweyés.
 []

[5]
Overfull \hbox (1.87556pt too wide) in paragraph at lines 309--309
[]\T1/cmtt/m/n/10.95 \entryindextwo* 
 []

[6]
\openout4 = `chlewdoc.exa'.

File: chlewdoc.exa  (verbatim)
 (./chlewdoc.exa)
\openout4 = `chlewdoc.exa'.

File: chlewdoc.exa  (verbatim)
 (./chlewdoc.exa) [7]
\openout4 = `chlewdoc.exa'.

File: chlewdoc.exa  (verbatim)
 (./chlewdoc.exa)
\openout4 = `chlewdoc.exa'.

File: chlewdoc.exa  (verbatim)
 (./chlewdoc.exa)
\openout4 = `chlewdoc.exa'.

File: chlewdoc.exa  (verbatim)

(./chlewdoc.exa) [8]
Overfull \hbox (6.07541pt too wide) in paragraph at lines 411--422
[][]\T1/cmr/m/n/10.95 Los co-man-dos \T1/cmtt/m/n/10.95 \m[][][\T1/cmr/m/it/10.
95 exp\T1/cmtt/m/n/10.95 ] \T1/cmr/m/n/10.95 (metro: $ []$), \T1/cmtt/m/n/10.95
 \kg[][][\T1/cmr/m/it/10.95 exp\T1/cmtt/m/n/10.95 ]\T1/cmr/m/n/10.95 (kilogramo
: $ []$), \T1/cmtt/m/n/10.95 \sec[][][\T1/cmr/m/it/10.95 exp\T1/cmtt/m/n/10.95 
]
 []


LaTeX Warning: Marginpar on page 9 moved.


LaTeX Warning: Marginpar on page 9 moved.


LaTeX Warning: Marginpar on page 9 moved.


LaTeX Warning: Marginpar on page 9 moved.


LaTeX Warning: Marginpar on page 9 moved.


LaTeX Warning: Marginpar on page 9 moved.

\openout4 = `chlewdoc.exa'.

File: chlewdoc.exa  (verbatim)
(./chlewdoc.exa)
\openout4 = `chlewdoc.exa'.

File: chlewdoc.exa  (verbatim)
 (./chlewdoc.exa) [9]
\openout4 = `chlewdoc.exa'.

File: chlewdoc.exa  (verbatim)
 (./chlewdoc.exa)
LaTeX Font Info:    Try loading font information for OMS+cmr on input line 474.


(c:/Program Files/TeXLive/texmf/tex/latex/base/omscmr.fd
File: omscmr.fd 1999/05/25 v2.5h Standard LaTeX font definitions
)
LaTeX Font Info:    Font shape `OMS/cmr/m/n' in size <10.95> not available
(Font)              Font shape `OMS/cmsy/m/n' tried instead on input line 474.


LaTeX Warning: Marginpar on page 10 moved.


LaTeX Warning: Marginpar on page 10 moved.

[10]

LaTeX Warning: Marginpar on page 11 moved.


LaTeX Warning: Marginpar on page 11 moved.


LaTeX Warning: Marginpar on page 11 moved.


LaTeX Warning: Marginpar on page 11 moved.


LaTeX Warning: Marginpar on page 11 moved.


LaTeX Warning: Marginpar on page 11 moved.

\openout4 = `chlewdoc.exa'.

File: chlewdoc.exa  (verbatim)
(./chlewdoc.exa)
\openout4 = `chlewdoc.exa'.

File: chlewdoc.exa  (verbatim)
 (./chlewdoc.exa) [11]

LaTeX Warning: Marginpar on page 12 moved.


LaTeX Warning: Marginpar on page 12 moved.


Overfull \hbox (2.26025pt too wide) in paragraph at lines 579--588
\T1/cmtt/m/n/10.95 chlew_es.def[][]\T1/cmr/m/n/10.95 , \T1/cmtt/m/n/10.95 chlew
_en.def[][]\T1/cmr/m/n/10.95 , \T1/cmtt/m/n/10.95 chlew_se.def[][]\T1/cmr/m/n/1
0.95 , \T1/cmtt/m/n/10.95 chlew_xb.def[][]\T1/cmr/m/n/10.95 , \T1/cmtt/m/n/10.9
5 chlew_xc.def[][]
 []


LaTeX Warning: Marginpar on page 12 moved.


LaTeX Warning: Marginpar on page 12 moved.


LaTeX Warning: Marginpar on page 12 moved.


LaTeX Warning: Marginpar on page 12 moved.


LaTeX Warning: Marginpar on page 12 moved.


LaTeX Warning: Marginpar on page 12 moved.


LaTeX Warning: Marginpar on page 12 moved.


LaTeX Warning: Marginpar on page 12 moved.

[12]
Overfull \hbox (18.98576pt too wide) in paragraph at lines 625--627
[][][]\T1/cmr/m/n/10.95 Para es-cribir doc-u-men-tos téc-ni-cos. Basado en la n
orma [][]
 []


LaTeX Warning: Marginpar on page 13 moved.


LaTeX Warning: Marginpar on page 13 moved.


LaTeX Warning: Marginpar on page 13 moved.


LaTeX Warning: Marginpar on page 13 moved.


LaTeX Warning: Marginpar on page 13 moved.

[13] [14]
Overfull \hbox (5.94609pt too wide) in paragraph at lines 748--750
[][][]\T1/cmr/m/n/10.95 Configuraciones de iden-ti-fi-cación por de-fecto para 
\T1/cmtt/m/n/10.95 chlewid[][]\T1/cmr/m/n/10.95 . 
 []

[15]
Overfull \hbox (10.04688pt too wide) in paragraph at lines 775--778
\T1/cmr/m/n/10.95 pren-sivo \T1/cmtt/m/n/10.95 chlewey[][] \T1/cmr/m/n/10.95 co
n la op-ción \T1/cmtt/m/n/10.95 biva[][]\T1/cmr/m/n/10.95 , y ex-tiende el uso 
del bíua para \T1/cmr/m/it/10.95 ChlewT[]X[]\T1/cmr/m/n/10.95 . 
 []


LaTeX Warning: Marginpar on page 16 moved.


LaTeX Warning: Marginpar on page 16 moved.


LaTeX Warning: Marginpar on page 16 moved.

[16]
No file chlewdoc.ind.

Overfull \hbox (13.07643pt too wide) in paragraph at lines 843--846
[][][]\T1/cmr/m/n/10.95 Asegurarme que \T1/cmtt/m/n/10.95 chlewid \T1/cmr/m/n/1
0.95 so-porte per-son-al-iza-ciones de en-cabezado propias
 []

[17] [18] (./chlewdoc.aux) ) 
Here is how much of TeX's memory you used:
 2351 strings out of 50493
 26960 string characters out of 1191135
 76306 words of memory out of 1500001
 5219 multiletter control sequences out of 10000+15000
 29865 words of font info for 77 fonts, out of 400000 for 1000
 266 hyphenation exceptions out of 1000
 42i,10n,28p,272b,376s stack positions out of 1500i,500n,1500p,200000b,5000s

Output written on chlewdoc.dvi (18 pages, 58728 bytes).
