This is derived from TeX, Version 3.14159 (Web2c 7.3.7x) (format=latex 2004.6.29)  21 APR 2005 12:40
Source specials enabled.
**\nonstopmode\input{chlewimg.sty}
(./chlewimg.sty

LaTeX Warning: You have requested package `',
               but the package provides `chlewimg'.

Package: chlewimg 
(e:/TeXLive/texmf/tex/latex/graphics/graphicx.sty
Package: graphicx 1999/02/16 v1.0f Enhanced LaTeX Graphics (DPC,SPQR)

(e:/TeXLive/texmf/tex/latex/graphics/keyval.sty
Package: keyval 1999/03/16 v1.13 key=value parser (DPC)
\KV@toks@=\toks14
)
(e:/TeXLive/texmf/tex/latex/graphics/graphics.sty
Package: graphics 2001/07/07 v1.0n Standard LaTeX Graphics (DPC,SPQR)

(e:/TeXLive/texmf/tex/latex/graphics/trig.sty
Package: trig 1999/03/16 v1.09 sin cos tan (DPC)
)
(e:/TeXLive/texmf/tex/latex/texlive/graphics.cfg
File: graphics.cfg 2001/08/31 v1.1 graphics configuration of teTeX/TeXLive
)
Package graphics Info: Driver file: dvips.def on input line 80.

(e:/TeXLive/texmf/tex/latex/graphics/dvips.def
File: dvips.def 1999/02/16 v3.0i Driver-dependant file (DPC,SPQR)
))
\Gin@req@height=\dimen102
\Gin@req@width=\dimen103
)

! LaTeX Error: Command \@ already defined.
               Or name \end... illegal, see p.192 of the manual.

See the LaTeX manual or LaTeX Companion for explanation.
Type  H <return>  for immediate help.
 ...                                              
                                                  
l.31   \newcommand\@i
                     ncludefigure[3][\@empty]{
Your command was ignored.
Type  I <command> <return>  to replace it with another command,
or  <return>  to continue without it.


! LaTeX Error: Missing \begin{document}.

See the LaTeX manual or LaTeX Companion for explanation.
Type  H <return>  for immediate help.
 ...                                              
                                                  
l.31   \newcommand\@in
                      cludefigure[3][\@empty]{
You're in trouble here.  Try typing  <return>  to proceed.
If that doesn't work, type  X <return>  to quit.

Missing character: There is no n in font nullfont!
Missing character: There is no c in font nullfont!
Missing character: There is no l in font nullfont!
Missing character: There is no u in font nullfont!
Missing character: There is no d in font nullfont!
Missing character: There is no e in font nullfont!
Missing character: There is no f in font nullfont!
Missing character: There is no i in font nullfont!
Missing character: There is no g in font nullfont!
Missing character: There is no u in font nullfont!
Missing character: There is no r in font nullfont!
Missing character: There is no e in font nullfont!
Missing character: There is no [ in font nullfont!
Missing character: There is no 3 in font nullfont!
Missing character: There is no ] in font nullfont!
Missing character: There is no [ in font nullfont!
Missing character: There is no e in font nullfont!
Missing character: There is no m in font nullfont!
Missing character: There is no p in font nullfont!
Missing character: There is no t in font nullfont!
Missing character: There is no y in font nullfont!
Missing character: There is no ] in font nullfont!
! Illegal parameter number in definition of \@tempb.
<to be read again> 
                   2
l.35 ...ludegraphics[#1]{\makepicturename{#2}{#3}}
                                                  %
You meant to type ## instead of #, right?
Or maybe a } was forgotten somewhere earlier, and things
are all screwed up? I'm going to assume that you meant ##.

! Illegal parameter number in definition of \@tempb.
<to be read again> 
                   3
l.35 ...ludegraphics[#1]{\makepicturename{#2}{#3}}
                                                  %
You meant to type ## instead of #, right?
Or maybe a } was forgotten somewhere earlier, and things
are all screwed up? I'm going to assume that you meant ##.


! Package keyval Error: ##1 undefined.

See the keyval package documentation for explanation.
Type  H <return>  for immediate help.
 ...                                              
                                                  
l.35 ...ludegraphics[#1]{\makepicturename{#2}{#3}}
                                                  %
Try typing  <return>  to proceed.
If that doesn't work, type  X <return>  to quit.

! Illegal parameter number in definition of \reserved@a.
<to be read again> 
                   2
l.35 ...ludegraphics[#1]{\makepicturename{#2}{#3}}
                                                  %
You meant to type ## instead of #, right?
Or maybe a } was forgotten somewhere earlier, and things
are all screwed up? I'm going to assume that you meant ##.

! Illegal parameter number in definition of \reserved@a.
<to be read again> 
                   3
l.35 ...ludegraphics[#1]{\makepicturename{#2}{#3}}
                                                  %
You meant to type ## instead of #, right?
Or maybe a } was forgotten somewhere earlier, and things
are all screwed up? I'm going to assume that you meant ##.

! Illegal parameter number in definition of \filename@base.
<to be read again> 
                   2
l.35 ...ludegraphics[#1]{\makepicturename{#2}{#3}}
                                                  %
You meant to type ## instead of #, right?
Or maybe a } was forgotten somewhere earlier, and things
are all screwed up? I'm going to assume that you meant ##.

! Illegal parameter number in definition of \filename@base.
<to be read again> 
                   3
l.35 ...ludegraphics[#1]{\makepicturename{#2}{#3}}
                                                  %
You meant to type ## instead of #, right?
Or maybe a } was forgotten somewhere earlier, and things
are all screwed up? I'm going to assume that you meant ##.


LaTeX Warning: File `##2-##3.pdf' not found on input line 35.


! LaTeX Error: File `##2-##3.pdf' not found.

See the LaTeX manual or LaTeX Companion for explanation.
Type  H <return>  for immediate help.
 ...                                              
                                                  
l.35 ...ludegraphics[#1]{\makepicturename{#2}{#3}}
                                                  %
Try typing  <return>  to proceed.
If that doesn't work, type  X <return>  to quit.


! LaTeX Error: Cannot determine size of graphic in ##2-##3.pdf (no BoundingBox)
.

See the LaTeX manual or LaTeX Companion for explanation.
Type  H <return>  for immediate help.
 ...                                              
                                                  
l.35 ...ludegraphics[#1]{\makepicturename{#2}{#3}}
                                                  %
Try typing  <return>  to proceed.
If that doesn't work, type  X <return>  to quit.

! Illegal parameter number in definition of \@filelist.
<to be read again> 
                   2
l.35 ...ludegraphics[#1]{\makepicturename{#2}{#3}}
                                                  %
You meant to type ## instead of #, right?
Or maybe a } was forgotten somewhere earlier, and things
are all screwed up? I'm going to assume that you meant ##.

! Illegal parameter number in definition of \@filelist.
<to be read again> 
                   3
l.35 ...ludegraphics[#1]{\makepicturename{#2}{#3}}
                                                  %
You meant to type ## instead of #, right?
Or maybe a } was forgotten somewhere earlier, and things
are all screwed up? I'm going to assume that you meant ##.

File: ##2-##3.pdf Graphic file (type eps)
<##2-##3.pdf>
Missing character: There is no f in font nullfont!
Missing character: There is no i in font nullfont!
Missing character: There is no g in font nullfont!
Missing character: There is no u in font nullfont!
Missing character: There is no r in font nullfont!
Missing character: There is no e in font nullfont!
Missing character: There is no c in font nullfont!
Missing character: There is no a in font nullfont!
Missing character: There is no p in font nullfont!
Missing character: There is no t in font nullfont!
Missing character: There is no i in font nullfont!
Missing character: There is no o in font nullfont!
Missing character: There is no n in font nullfont!


! LaTeX Error: Command \@ already defined.
               Or name \end... illegal, see p.192 of the manual.

See the LaTeX manual or LaTeX Companion for explanation.
Type  H <return>  for immediate help.
 ...                                              
                                                  
l.38   \newcommand\@f
                     igurecaption[2][\@empty]{
Your command was ignored.
Type  I <command> <return>  to replace it with another command,
or  <return>  to continue without it.

Missing character: There is no i in font nullfont!
Missing character: There is no g in font nullfont!
Missing character: There is no u in font nullfont!
Missing character: There is no r in font nullfont!
Missing character: There is no e in font nullfont!
Missing character: There is no c in font nullfont!
Missing character: There is no a in font nullfont!
Missing character: There is no p in font nullfont!
Missing character: There is no t in font nullfont!
Missing character: There is no i in font nullfont!
Missing character: There is no o in font nullfont!
Missing character: There is no n in font nullfont!
Missing character: There is no [ in font nullfont!
Missing character: There is no 2 in font nullfont!
Missing character: There is no ] in font nullfont!
Missing character: There is no [ in font nullfont!
Missing character: There is no e in font nullfont!
Missing character: There is no m in font nullfont!
Missing character: There is no p in font nullfont!
Missing character: There is no t in font nullfont!
Missing character: There is no y in font nullfont!
Missing character: There is no ] in font nullfont!

! LaTeX Error: \caption outside float.

See the LaTeX manual or LaTeX Companion for explanation.
Type  H <return>  for immediate help.
 ...                                              
                                                  
l.39     \caption
                 {#2}%
You're in trouble here.  Try typing  <return>  to proceed.
If that doesn't work, type  X <return>  to quit.

! You can't use `macro parameter character #' in horizontal mode.
l.39     \caption{#
                   2}%
Sorry, but I'm not programmed to handle this case;
I'll just pretend that you didn't ask for it.
If you're in the wrong mode, you might be able to
return to the right one by typing `I}' or `I$' or `I\par'.

Missing character: There is no 2 in font nullfont!
! Illegal parameter number in definition of \reserved@a.
<to be read again> 
                   1
l.41       \label{fig:#1}
                         
You meant to type ## instead of #, right?
Or maybe a } was forgotten somewhere earlier, and things
are all screwed up? I'm going to assume that you meant ##.


! LaTeX Error: \begin{document} ended by \end{figure}.

See the LaTeX manual or LaTeX Companion for explanation.
Type  H <return>  for immediate help.
 ...                                              
                                                  
l.43   \end{figure}
                   }
Your command was ignored.
Type  I <command> <return>  to replace it with another command,
or  <return>  to continue without it.

! Missing } inserted.
<inserted text> 
                }
l.43   \end{figure}
                   }
I've inserted something that you may have forgotten.
(See the <inserted text> above.)
With luck, this will get me unwedged. But if you
really didn't forget anything, try typing `2' now; then
my insertion and my current dilemma will both disappear.

! Extra \endgroup.
<recently read> \endgroup 
                          
l.43   \end{figure}
                   }
Things are pretty mixed up, but I think the worst is over.

! Too many }'s.
l.43   \end{figure}}
                    
You've closed more groups than you opened.
Such booboos are generally harmless, so keep going.


Overfull \hbox (20.0pt too wide) in paragraph at lines 31--44
[][]
 []


Overfull \hbox (72.26999pt too wide) in paragraph at lines 31--44
[]
 []


! LaTeX Error: Command \@ already defined.
               Or name \end... illegal, see p.192 of the manual.

See the LaTeX manual or LaTeX Companion for explanation.
Type  H <return>  for immediate help.
 ...                                              
                                                  
l.54   \newcommand\@b
                     lankcaption[2][\@empty]{
Your command was ignored.
Type  I <command> <return>  to replace it with another command,
or  <return>  to continue without it.


! LaTeX Error: Missing \begin{document}.

See the LaTeX manual or LaTeX Companion for explanation.
Type  H <return>  for immediate help.
 ...                                              
                                                  
l.54   \newcommand\@bl
                      ankcaption[2][\@empty]{
You're in trouble here.  Try typing  <return>  to proceed.
If that doesn't work, type  X <return>  to quit.

Missing character: There is no l in font nullfont!
Missing character: There is no a in font nullfont!
Missing character: There is no n in font nullfont!
Missing character: There is no k in font nullfont!
Missing character: There is no c in font nullfont!
Missing character: There is no a in font nullfont!
Missing character: There is no p in font nullfont!
Missing character: There is no t in font nullfont!
Missing character: There is no i in font nullfont!
Missing character: There is no o in font nullfont!
Missing character: There is no n in font nullfont!
Missing character: There is no [ in font nullfont!
Missing character: There is no 2 in font nullfont!
Missing character: There is no ] in font nullfont!
Missing character: There is no [ in font nullfont!
Missing character: There is no e in font nullfont!
Missing character: There is no m in font nullfont!
Missing character: There is no p in font nullfont!
Missing character: There is no t in font nullfont!
Missing character: There is no y in font nullfont!
Missing character: There is no ] in font nullfont!

! LaTeX Error: \caption outside float.

See the LaTeX manual or LaTeX Companion for explanation.
Type  H <return>  for immediate help.
 ...                                              
                                                  
l.55     \caption
                 {#2}%
You're in trouble here.  Try typing  <return>  to proceed.
If that doesn't work, type  X <return>  to quit.

! You can't use `macro parameter character #' in horizontal mode.
l.55     \caption{#
                   2}%
Sorry, but I'm not programmed to handle this case;
I'll just pretend that you didn't ask for it.
If you're in the wrong mode, you might be able to
return to the right one by typing `I}' or `I$' or `I\par'.

Missing character: There is no 2 in font nullfont!
! Illegal parameter number in definition of \reserved@a.
<to be read again> 
                   1
l.57       \label{fig:#1}
                         
You meant to type ## instead of #, right?
Or maybe a } was forgotten somewhere earlier, and things
are all screwed up? I'm going to assume that you meant ##.


! LaTeX Error: \begin{document} ended by \end{figure}.

See the LaTeX manual or LaTeX Companion for explanation.
Type  H <return>  for immediate help.
 ...                                              
                                                  
l.59   \end{figure}
                   }
Your command was ignored.
Type  I <command> <return>  to replace it with another command,
or  <return>  to continue without it.

! Missing } inserted.
<inserted text> 
                }
l.59   \end{figure}
                   }
I've inserted something that you may have forgotten.
(See the <inserted text> above.)
With luck, this will get me unwedged. But if you
really didn't forget anything, try typing `2' now; then
my insertion and my current dilemma will both disappear.

! Extra \endgroup.
<recently read> \endgroup 
                          
l.59   \end{figure}
                   }
Things are pretty mixed up, but I think the worst is over.

! Too many }'s.
l.59   \end{figure}}
                    
You've closed more groups than you opened.
Such booboos are generally harmless, so keep going.


Overfull \hbox (20.0pt too wide) in paragraph at lines 54--60
[][]
 []

)
! Emergency stop.
<*> \nonstopmode\input{chlewimg.sty}
                                    
*** (job aborted, no legal \end found)

 
Here is how much of TeX's memory you used:
 330 strings out of 50288
 4018 string characters out of 1188509
 49392 words of memory out of 1500001
 3373 multiletter control sequences out of 10000+15000
 4403 words of font info for 15 fonts, out of 400000 for 1000
 431 hyphenation exceptions out of 1000
 26i,1n,19p,205b,160s stack positions out of 1500i,500n,1500p,200000b,5000s
No pages of output.
